npm warn exec The following package was not found and will be installed: ts-node@10.9.2
/root/.npm/_npx/1bf7c3c15bf47d04/node_modules/ts-node/src/index.ts:859
    return new TSError(diagnosticText, diagnosticCodes, diagnostics);
           ^
TSError: тип Unable to compile TypeScript:
governance/gl_engine.ts(11,32): error TS2307: Cannot find module 'fs' or its corresponding type declarations.
governance/gl_engine.ts(12,18): error TS2307: Cannot find module 'path' or its corresponding type declarations.
governance/gl_engine.ts(47,43): error TS2580: Cannot find name 'process'. Do you need to install type definitions for node? Try `npm i --save-dev @types/node`.
governance/gl_engine.ts(281,5): error TS2580: Cannot find name 'require'. Do you need to install type definitions for node? Try `npm i --save-dev @types/node`.
governance/gl_engine.ts(281,22): error TS2580: Cannot find name 'module'. Do you need to install type definitions for node? Try `npm i --save-dev @types/node`.
governance/gl_engine.ts(282,19): error TS2580: Cannot find name 'process'. Do you need to install type definitions for node? Try `npm i --save-dev @types/node`.
governance/gl_engine.ts(287,7): error TS2584: Cannot find name 'console'. Do you need to change your target library? Try changing the 'lib' compiler option to include 'dom'.
governance/gl_engine.ts(288,7): error TS2580: Cannot find name 'process'. Do you need to install type definitions for node? Try `npm i --save-dev @types/node`.
governance/gl_engine.ts(291,7): error TS2584: Cannot find name 'console'. Do you need to change your target library? Try changing the 'lib' compiler option to include 'dom'.
governance/gl_engine.ts(292,7): error TS2580: Cannot find name 'process'. Do you need to install type definitions for node? Try `npm i --save-dev @types/node`.

    at createTSError (/root/.npm/_npx/1bf7c3c15bf47d04/node_modules/ts-node/src/index.ts:859:12)
    at reportTSError (/root/.npm/_npx/1bf7c3c15bf47d04/node_modules/ts-node/src/index.ts:863:19)
    at getOutput (/root/.npm/_npx/1bf7c3c15bf47d04/node_modules/ts-node/src/index.ts:1077:36)
    at Object.compile (/root/.npm/_npx/1bf7c3c15bf47d04/node_modules/ts-node/src/index.ts:1433:41)
    at Module.m._compile (/root/.npm/_npx/1bf7c3c15bf47d04/node_modules/ts-node/src/index.ts:1617:30)
    at Module._extensions..js (node:internal/modules/cjs/loader:1623:10)
    at Object.require.extensions.<computed> [as .ts] (/root/.npm/_npx/1bf7c3c15bf47d04/node_modules/ts-node/src/index.ts:1621:12)
    at Module.load (node:internal/modules/cjs/loader:1266:32)
    at Function.Module._load (node:internal/modules/cjs/loader:1091:12)
    at Function.executeUserEntryPoint [as runMain] (node:internal/modules/run_main:164:12) {
  diagnosticCodes: [
    2307, 2307, 2580,
    2580, 2580, 2580,
    2584, 2580, 2584,
    2580
  ]
}
npm notice
npm notice New minor version of npm available! 11.7.0 -> 11.8.0
npm notice Changelog: [EXTERNAL_URL_REMOVED]
npm notice To update run: npm install -g npm@11.8.0
npm notice
