
> gl-runtime-platform@19.0.0 build
> tsc

omni-context/context-aware-strategy/index.ts(215,79): error TS18048: 'filter.minSuccessRate' is possibly 'undefined'.
omni-context/context-fusion/index.ts(187,53): error TS18048: 'query.minConfidence' is possibly 'undefined'.
omni-context/context-fusion/index.ts(191,52): error TS18048: 'query.minCoherence' is possibly 'undefined'.
omni-context/global-consistency-fabric/index.ts(253,42): error TS2339: Property 'context' does not exist on type 'ConsistencySnapshot'.
omni-context/global-consistency-fabric/index.ts(362,29): error TS7053: Element implicitly has an 'any' type because expression of type 'string' can't be used to index type '{ semantic?: any; reasoning?: any; strategy?: any; evolution?: any; civilization?: any; }'.
  No index signature with a parameter of type 'string' was found on type '{ semantic?: any; reasoning?: any; strategy?: any; evolution?: any; civilization?: any; }'.
omni-context/global-consistency-fabric/index.ts(363,29): error TS7053: Element implicitly has an 'any' type because expression of type 'string' can't be used to index type '{ semantic?: any; reasoning?: any; strategy?: any; evolution?: any; civilization?: any; }'.
  No index signature with a parameter of type 'string' was found on type '{ semantic?: any; reasoning?: any; strategy?: any; evolution?: any; civilization?: any; }'.
omni-context/global-consistency-fabric/index.ts(517,39): error TS2345: Argument of type 'ConsistencySnapshot | null | undefined' is not assignable to parameter of type 'ConsistencySnapshot | null'.
  Type 'undefined' is not assignable to type 'ConsistencySnapshot | null'.
omni-context/knowledge-alignment/index.ts(657,53): error TS2367: This comparison appears to be unintentional because the types '"low" | "medium" | "high"' and '"critical"' have no overlap.
omni-context/multi-scale-reasoning/index.ts(259,53): error TS18048: 'filter.minConfidence' is possibly 'undefined'.
omni-context/multi-scale-reasoning/index.ts(520,11): error TS2322: Type 'string[]' is not assignable to type 'ScaleLevel[]'.
  Type 'string' is not assignable to type 'ScaleLevel'.
omni-context/temporal-coherence/index.ts(325,7): error TS2353: Object literal may only specify known properties, and 'versionDrift' does not exist in type 'StabilityMetrics'.
src/connectors/git-connector.ts(6,38): error TS2307: Cannot find module 'simple-git' or its corresponding type declarations.
src/inter-reality-server.ts(32,21): error TS7006: Parameter 'req' implicitly has an 'any' type.
src/inter-reality-server.ts(32,26): error TS7006: Parameter 'res' implicitly has an 'any' type.
src/inter-reality-server.ts(52,43): error TS7006: Parameter 'req' implicitly has an 'any' type.
src/inter-reality-server.ts(52,48): error TS7006: Parameter 'res' implicitly has an 'any' type.
src/inter-reality-server.ts(67,54): error TS7006: Parameter 'req' implicitly has an 'any' type.
src/inter-reality-server.ts(67,59): error TS7006: Parameter 'res' implicitly has an 'any' type.
src/inter-reality-server.ts(160,49): error TS7006: Parameter 'req' implicitly has an 'any' type.
src/inter-reality-server.ts(160,54): error TS7006: Parameter 'res' implicitly has an 'any' type.
src/inter-reality-server.ts(165,52): error TS7006: Parameter 'req' implicitly has an 'any' type.
src/inter-reality-server.ts(165,57): error TS7006: Parameter 'res' implicitly has an 'any' type.
src/inter-reality-server.ts(171,58): error TS7006: Parameter 'req' implicitly has an 'any' type.
src/inter-reality-server.ts(171,63): error TS7006: Parameter 'res' implicitly has an 'any' type.
src/inter-reality-server.ts(177,56): error TS7006: Parameter 'req' implicitly has an 'any' type.
src/inter-reality-server.ts(177,61): error TS7006: Parameter 'res' implicitly has an 'any' type.
src/inter-reality-server.ts(186,45): error TS7006: Parameter 'req' implicitly has an 'any' type.
src/inter-reality-server.ts(186,50): error TS7006: Parameter 'res' implicitly has an 'any' type.
src/inter-reality-server.ts(191,47): error TS7006: Parameter 'req' implicitly has an 'any' type.
src/inter-reality-server.ts(191,52): error TS7006: Parameter 'res' implicitly has an 'any' type.
src/inter-reality-server.ts(197,52): error TS7006: Parameter 'req' implicitly has an 'any' type.
src/inter-reality-server.ts(197,57): error TS7006: Parameter 'res' implicitly has an 'any' type.
src/inter-reality-server.ts(203,57): error TS7006: Parameter 'req' implicitly has an 'any' type.
src/inter-reality-server.ts(203,62): error TS7006: Parameter 'res' implicitly has an 'any' type.
src/inter-reality-server.ts(212,50): error TS7006: Parameter 'req' implicitly has an 'any' type.
src/inter-reality-server.ts(212,55): error TS7006: Parameter 'res' implicitly has an 'any' type.
src/inter-reality-server.ts(217,51): error TS7006: Parameter 'req' implicitly has an 'any' type.
src/inter-reality-server.ts(217,56): error TS7006: Parameter 'res' implicitly has an 'any' type.
src/inter-reality-server.ts(223,54): error TS7006: Parameter 'req' implicitly has an 'any' type.
src/inter-reality-server.ts(223,59): error TS7006: Parameter 'res' implicitly has an 'any' type.
src/inter-reality-server.ts(232,55): error TS7006: Parameter 'req' implicitly has an 'any' type.
src/inter-reality-server.ts(232,60): error TS7006: Parameter 'res' implicitly has an 'any' type.
src/inter-reality-server.ts(237,61): error TS7006: Parameter 'req' implicitly has an 'any' type.
src/inter-reality-server.ts(237,66): error TS7006: Parameter 'res' implicitly has an 'any' type.
src/inter-reality-server.ts(265,64): error TS7006: Parameter 'req' implicitly has an 'any' type.
src/inter-reality-server.ts(265,69): error TS7006: Parameter 'res' implicitly has an 'any' type.
src/inter-reality-server.ts(274,46): error TS7006: Parameter 'req' implicitly has an 'any' type.
src/inter-reality-server.ts(274,51): error TS7006: Parameter 'res' implicitly has an 'any' type.
src/inter-reality-server.ts(279,57): error TS7006: Parameter 'req' implicitly has an 'any' type.
src/inter-reality-server.ts(279,62): error TS7006: Parameter 'res' implicitly has an 'any' type.
src/inter-reality-server.ts(285,55): error TS7006: Parameter 'req' implicitly has an 'any' type.
src/inter-reality-server.ts(285,60): error TS7006: Parameter 'res' implicitly has an 'any' type.
src/inter-reality-server.ts(294,54): error TS7006: Parameter 'req' implicitly has an 'any' type.
src/inter-reality-server.ts(294,59): error TS7006: Parameter 'res' implicitly has an 'any' type.
src/inter-reality-server.ts(299,57): error TS7006: Parameter 'req' implicitly has an 'any' type.
src/inter-reality-server.ts(299,62): error TS7006: Parameter 'res' implicitly has an 'any' type.
src/inter-reality-server.ts(305,62): error TS7006: Parameter 'req' implicitly has an 'any' type.
src/inter-reality-server.ts(305,67): error TS7006: Parameter 'res' implicitly has an 'any' type.
src/inter-reality-server.ts(311,62): error TS7006: Parameter 'req' implicitly has an 'any' type.
src/inter-reality-server.ts(311,67): error TS7006: Parameter 'res' implicitly has an 'any' type.
src/inter-reality-server.ts(316,67): error TS7006: Parameter 'req' implicitly has an 'any' type.
src/inter-reality-server.ts(316,72): error TS7006: Parameter 'res' implicitly has an 'any' type.
src/inter-reality-server.ts(321,63): error TS7006: Parameter 'req' implicitly has an 'any' type.
src/inter-reality-server.ts(321,68): error TS7006: Parameter 'res' implicitly has an 'any' type.
src/trans-domain-server.ts(32,21): error TS7006: Parameter 'req' implicitly has an 'any' type.
src/trans-domain-server.ts(32,26): error TS7006: Parameter 'res' implicitly has an 'any' type.
src/trans-domain-server.ts(52,42): error TS7006: Parameter 'req' implicitly has an 'any' type.
src/trans-domain-server.ts(52,47): error TS7006: Parameter 'res' implicitly has an 'any' type.
src/trans-domain-server.ts(67,53): error TS7006: Parameter 'req' implicitly has an 'any' type.
src/trans-domain-server.ts(67,58): error TS7006: Parameter 'res' implicitly has an 'any' type.
src/trans-domain-server.ts(158,43): error TS7006: Parameter 'req' implicitly has an 'any' type.
src/trans-domain-server.ts(158,48): error TS7006: Parameter 'res' implicitly has an 'any' type.
src/trans-domain-server.ts(163,45): error TS7006: Parameter 'req' implicitly has an 'any' type.
src/trans-domain-server.ts(163,50): error TS7006: Parameter 'res' implicitly has an 'any' type.
src/trans-domain-server.ts(169,60): error TS7006: Parameter 'req' implicitly has an 'any' type.
src/trans-domain-server.ts(169,65): error TS7006: Parameter 'res' implicitly has an 'any' type.
src/trans-domain-server.ts(178,41): error TS7006: Parameter 'req' implicitly has an 'any' type.
src/trans-domain-server.ts(178,46): error TS7006: Parameter 'res' implicitly has an 'any' type.
src/trans-domain-server.ts(183,44): error TS7006: Parameter 'req' implicitly has an 'any' type.
src/trans-domain-server.ts(183,49): error TS7006: Parameter 'res' implicitly has an 'any' type.
src/trans-domain-server.ts(189,47): error TS7006: Parameter 'req' implicitly has an 'any' type.
src/trans-domain-server.ts(189,52): error TS7006: Parameter 'res' implicitly has an 'any' type.
src/trans-domain-server.ts(198,40): error TS7006: Parameter 'req' implicitly has an 'any' type.
src/trans-domain-server.ts(198,45): error TS7006: Parameter 'res' implicitly has an 'any' type.
src/trans-domain-server.ts(203,42): error TS7006: Parameter 'req' implicitly has an 'any' type.
src/trans-domain-server.ts(203,47): error TS7006: Parameter 'res' implicitly has an 'any' type.
src/trans-domain-server.ts(209,43): error TS7006: Parameter 'req' implicitly has an 'any' type.
src/trans-domain-server.ts(209,48): error TS7006: Parameter 'res' implicitly has an 'any' type.
src/trans-domain-server.ts(222,40): error TS7006: Parameter 'req' implicitly has an 'any' type.
src/trans-domain-server.ts(222,45): error TS7006: Parameter 'res' implicitly has an 'any' type.
src/trans-domain-server.ts(227,43): error TS7006: Parameter 'req' implicitly has an 'any' type.
src/trans-domain-server.ts(227,48): error TS7006: Parameter 'res' implicitly has an 'any' type.
src/trans-domain-server.ts(233,52): error TS7006: Parameter 'req' implicitly has an 'any' type.
src/trans-domain-server.ts(233,57): error TS7006: Parameter 'res' implicitly has an 'any' type.
src/trans-domain-server.ts(240,53): error TS7006: Parameter 'req' implicitly has an 'any' type.
src/trans-domain-server.ts(240,58): error TS7006: Parameter 'res' implicitly has an 'any' type.
src/trans-domain-server.ts(250,42): error TS7006: Parameter 'req' implicitly has an 'any' type.
src/trans-domain-server.ts(250,47): error TS7006: Parameter 'res' implicitly has an 'any' type.
src/trans-domain-server.ts(255,44): error TS7006: Parameter 'req' implicitly has an 'any' type.
src/trans-domain-server.ts(255,49): error TS7006: Parameter 'res' implicitly has an 'any' type.
src/trans-domain-server.ts(262,41): error TS7006: Parameter 'req' implicitly has an 'any' type.
src/trans-domain-server.ts(262,46): error TS7006: Parameter 'res' implicitly has an 'any' type.
src/trans-domain-server.ts(267,47): error TS7006: Parameter 'req' implicitly has an 'any' type.
src/trans-domain-server.ts(267,52): error TS7006: Parameter 'res' implicitly has an 'any' type.
src/trans-domain-server.ts(276,40): error TS7006: Parameter 'req' implicitly has an 'any' type.
src/trans-domain-server.ts(276,45): error TS7006: Parameter 'res' implicitly has an 'any' type.
src/trans-domain-server.ts(283,39): error TS7006: Parameter 'req' implicitly has an 'any' type.
src/trans-domain-server.ts(283,44): error TS7006: Parameter 'res' implicitly has an 'any' type.
src/trans-domain-server.ts(288,43): error TS7006: Parameter 'req' implicitly has an 'any' type.
src/trans-domain-server.ts(288,48): error TS7006: Parameter 'res' implicitly has an 'any' type.
src/trans-domain-server.ts(293,42): error TS7006: Parameter 'req' implicitly has an 'any' type.
src/trans-domain-server.ts(293,47): error TS7006: Parameter 'res' implicitly has an 'any' type.
src/trans-domain-server.ts(298,57): error TS7006: Parameter 'req' implicitly has an 'any' type.
src/trans-domain-server.ts(298,62): error TS7006: Parameter 'res' implicitly has an 'any' type.
src/trans-domain-server.ts(308,55): error TS7006: Parameter 'req' implicitly has an 'any' type.
src/trans-domain-server.ts(308,60): error TS7006: Parameter 'res' implicitly has an 'any' type.
src/trans-domain-server.ts(318,52): error TS7006: Parameter 'req' implicitly has an 'any' type.
src/trans-domain-server.ts(318,57): error TS7006: Parameter 'res' implicitly has an 'any' type.
src/trans-domain-server.ts(328,60): error TS7006: Parameter 'req' implicitly has an 'any' type.
src/trans-domain-server.ts(328,65): error TS7006: Parameter 'res' implicitly has an 'any' type.
src/utils/logger.ts(6,21): error TS2307: Cannot find module 'winston' or its corresponding type declarations.
src/utils/logger.ts(20,30): error TS7031: Binding element 'timestamp' implicitly has an 'any' type.
src/utils/logger.ts(20,41): error TS7031: Binding element 'level' implicitly has an 'any' type.
src/utils/logger.ts(20,48): error TS7031: Binding element 'message' implicitly has an 'any' type.
src/utils/logger.ts(20,66): error TS7031: Binding element 'ctx' implicitly has an 'any' type.
unified-intelligence-fabric/fabric-storage/index.ts(757,25): error TS7006: Parameter 'f' implicitly has an 'any' type.
