src/infinite-continuum-server.ts(173,7): error TS2578: Unused '@ts-expect-error' directive.
src/infinite-continuum-server.ts(192,68): error TS2345: Argument of type 'string' is not assignable to parameter of type '"fact" | "concept" | "relation" | "pattern" | "insight"'.
