
> gl-runtime-platform@20.0.0 build
> tsc

src/infinite-continuum-server.ts(191,68): error TS2345: Argument of type 'string' is not assignable to parameter of type '"fact" | "concept" | "relation" | "pattern" | "insight"'.
src/infinite-continuum/fabric-expansion.ts(105,35): error TS2339: Property 'getNodes' does not exist on type 'FabricGraph'.
src/infinite-continuum/fabric-expansion.ts(106,35): error TS2339: Property 'getEdges' does not exist on type 'FabricGraph'.
src/infinite-continuum/fabric-expansion.ts(154,31): error TS2339: Property 'getNodes' does not exist on type 'FabricGraph'.
src/infinite-continuum/fabric-expansion.ts(163,42): error TS7006: Parameter 'node' implicitly has an 'any' type.
src/infinite-continuum/fabric-expansion.ts(201,42): error TS2339: Property 'getNodes' does not exist on type 'FabricGraph'.
src/infinite-continuum/fabric-expansion.ts(244,39): error TS2339: Property 'getNodes' does not exist on type 'FabricGraph'.
src/infinite-continuum/fabric-expansion.ts(248,46): error TS2345: Argument of type 'Set<unknown>' is not assignable to parameter of type 'Set<string>'.
  Type 'unknown' is not assignable to type 'string'.
src/infinite-continuum/fabric-expansion.ts(251,9): error TS2322: Type 'string' is not assignable to type 'NodeType'.
src/infinite-continuum/fabric-expansion.ts(261,19): error TS2339: Property 'addNode' does not exist on type 'FabricGraph'.
src/infinite-continuum/fabric-expansion.ts(348,31): error TS2339: Property 'getNodes' does not exist on type 'FabricGraph'.
src/infinite-continuum/fabric-expansion.ts(349,39): error TS2339: Property 'getEdges' does not exist on type 'FabricGraph'.
src/infinite-continuum/fabric-expansion.ts(351,25): error TS7006: Parameter 'e' implicitly has an 'any' type.
src/infinite-continuum/fabric-expansion.ts(383,9): error TS2322: Type 'string' is not assignable to type 'EdgeType'.
src/infinite-continuum/fabric-expansion.ts(392,19): error TS2339: Property 'addEdge' does not exist on type 'FabricGraph'.
src/infinite-continuum/fabric-expansion.ts(414,9): error TS2367: This comparison appears to be unintentional because the types 'NodeType' and '"data"' have no overlap.
src/infinite-continuum/fabric-expansion.ts(414,35): error TS2367: This comparison appears to be unintentional because the types 'NodeType' and '"algorithm"' have no overlap.
src/infinite-continuum/fabric-expansion.ts(418,9): error TS2367: This comparison appears to be unintentional because the types 'NodeType' and '"control"' have no overlap.
src/infinite-continuum/fabric-expansion.ts(418,38): error TS2367: This comparison appears to be unintentional because the types 'NodeType' and '"control"' have no overlap.
src/infinite-continuum/fabric-expansion.ts(422,9): error TS2367: This comparison appears to be unintentional because the types 'NodeType' and '"knowledge"' have no overlap.
src/infinite-continuum/fabric-expansion.ts(422,40): error TS2367: This comparison appears to be unintentional because the types 'NodeType' and '"knowledge"' have no overlap.
src/infinite-continuum/fabric-expansion.ts(531,31): error TS2339: Property 'getNodes' does not exist on type 'FabricGraph'.
src/infinite-continuum/fabric-expansion.ts(546,19): error TS2339: Property 'removeNode' does not exist on type 'FabricGraph'.
src/infinite-continuum/fabric-expansion.ts(557,31): error TS2339: Property 'getNodes' does not exist on type 'FabricGraph'.
src/infinite-continuum/fabric-expansion.ts(558,39): error TS7006: Parameter 'n' implicitly has an 'any' type.
src/infinite-continuum/fabric-expansion.ts(559,31): error TS2339: Property 'getEdges' does not exist on type 'FabricGraph'.
src/infinite-continuum/fabric-expansion.ts(563,21): error TS2339: Property 'removeEdge' does not exist on type 'FabricGraph'.
src/infinite-continuum/index.ts(81,64): error TS2339: Property 'getGraph' does not exist on type 'UnifiedIntelligenceFabric'.
src/infinite-continuum/index.ts(98,19): error TS2339: Property 'getGraph' does not exist on type 'UnifiedIntelligenceFabric'.
src/infinite-continuum/index.ts(204,31): error TS2339: Property 'getGraph' does not exist on type 'UnifiedIntelligenceFabric'.
src/infinite-continuum/knowledge-accretion.ts(342,9): error TS2322: Type '"knowledge"' is not assignable to type 'NodeType'.
src/infinite-continuum/knowledge-accretion.ts(357,19): error TS2339: Property 'addNode' does not exist on type 'FabricGraph'.
