
> gl-runtime-platform@20.0.0 build
> tsc

src/infinite-continuum-server.ts(191,68): error TS2345: Argument of type 'string' is not assignable to parameter of type '"fact" | "concept" | "relation" | "pattern" | "insight"'.
src/infinite-continuum/fabric-expansion.ts(105,46): error TS2339: Property 'graph' does not exist on type 'FabricGraph'.
src/infinite-continuum/fabric-expansion.ts(106,46): error TS2339: Property 'graph' does not exist on type 'FabricGraph'.
src/infinite-continuum/fabric-expansion.ts(154,42): error TS2339: Property 'graph' does not exist on type 'FabricGraph'.
src/infinite-continuum/fabric-expansion.ts(164,27): error TS18046: 'node' is of type 'unknown'.
src/infinite-continuum/fabric-expansion.ts(201,42): error TS2339: Property 'getNodes' does not exist on type 'FabricGraph'.
src/infinite-continuum/fabric-expansion.ts(244,50): error TS2339: Property 'graph' does not exist on type 'FabricGraph'.
src/infinite-continuum/fabric-expansion.ts(245,53): error TS2345: Argument of type '(n: FabricNode) => NodeType' is not assignable to parameter of type '(value: unknown, index: number, array: unknown[]) => NodeType'.
  Types of parameters 'n' and 'value' are incompatible.
    Type 'unknown' is not assignable to type 'FabricNode'.
src/infinite-continuum/fabric-expansion.ts(251,9): error TS2322: Type 'string' is not assignable to type 'NodeType'.
src/infinite-continuum/fabric-expansion.ts(349,42): error TS2339: Property 'graph' does not exist on type 'FabricGraph'.
src/infinite-continuum/fabric-expansion.ts(350,50): error TS2339: Property 'graph' does not exist on type 'FabricGraph'.
src/infinite-continuum/fabric-expansion.ts(352,33): error TS18046: 'e' is of type 'unknown'.
src/infinite-continuum/fabric-expansion.ts(352,45): error TS18046: 'e' is of type 'unknown'.
src/infinite-continuum/fabric-expansion.ts(384,9): error TS2322: Type 'string' is not assignable to type 'EdgeType'.
src/infinite-continuum/fabric-expansion.ts(416,9): error TS2367: This comparison appears to be unintentional because the types 'NodeType' and '"data"' have no overlap.
src/infinite-continuum/fabric-expansion.ts(416,35): error TS2367: This comparison appears to be unintentional because the types 'NodeType' and '"algorithm"' have no overlap.
src/infinite-continuum/fabric-expansion.ts(420,9): error TS2367: This comparison appears to be unintentional because the types 'NodeType' and '"control"' have no overlap.
src/infinite-continuum/fabric-expansion.ts(420,38): error TS2367: This comparison appears to be unintentional because the types 'NodeType' and '"control"' have no overlap.
src/infinite-continuum/fabric-expansion.ts(424,9): error TS2367: This comparison appears to be unintentional because the types 'NodeType' and '"knowledge"' have no overlap.
src/infinite-continuum/fabric-expansion.ts(424,40): error TS2367: This comparison appears to be unintentional because the types 'NodeType' and '"knowledge"' have no overlap.
src/infinite-continuum/fabric-expansion.ts(533,42): error TS2339: Property 'graph' does not exist on type 'FabricGraph'.
src/infinite-continuum/fabric-expansion.ts(537,27): error TS18046: 'node' is of type 'unknown'.
src/infinite-continuum/fabric-expansion.ts(538,33): error TS18046: 'node' is of type 'unknown'.
src/infinite-continuum/fabric-expansion.ts(543,28): error TS18046: 'node' is of type 'unknown'.
src/infinite-continuum/fabric-expansion.ts(560,42): error TS2339: Property 'graph' does not exist on type 'FabricGraph'.
src/infinite-continuum/fabric-expansion.ts(561,44): error TS18046: 'n' is of type 'unknown'.
src/infinite-continuum/fabric-expansion.ts(562,42): error TS2339: Property 'graph' does not exist on type 'FabricGraph'.
src/infinite-continuum/fabric-expansion.ts(565,24): error TS18046: 'edge' is of type 'unknown'.
src/infinite-continuum/fabric-expansion.ts(565,53): error TS18046: 'edge' is of type 'unknown'.
src/infinite-continuum/index.ts(204,42): error TS2339: Property 'graph' does not exist on type 'UnifiedIntelligenceFabric'.
src/infinite-continuum/knowledge-accretion.ts(343,9): error TS2353: Object literal may only specify known properties, and 'data' does not exist in type 'FabricNode'.
