
> gl-runtime-platform@20.0.0 build
> tsc

src/infinite-continuum/fabric-expansion.ts(39,5): error TS1068: Unexpected token. A constructor, method, accessor, or property was expected.
src/infinite-continuum/fabric-expansion.ts(60,3): error TS1128: Declaration or statement expected.
src/infinite-continuum/fabric-expansion.ts(65,3): error TS1128: Declaration or statement expected.
src/infinite-continuum/fabric-expansion.ts(65,17): error TS1005: ';' expected.
src/infinite-continuum/fabric-expansion.ts(66,13): error TS1005: ',' expected.
src/infinite-continuum/fabric-expansion.ts(66,31): error TS1005: ',' expected.
src/infinite-continuum/fabric-expansion.ts(66,33): error TS1136: Property assignment expected.
src/infinite-continuum/fabric-expansion.ts(73,3): error TS1128: Declaration or statement expected.
src/infinite-continuum/fabric-expansion.ts(78,3): error TS1128: Declaration or statement expected.
src/infinite-continuum/fabric-expansion.ts(78,16): error TS1005: ';' expected.
src/infinite-continuum/fabric-expansion.ts(79,13): error TS1005: ',' expected.
src/infinite-continuum/fabric-expansion.ts(79,31): error TS1005: ',' expected.
src/infinite-continuum/fabric-expansion.ts(79,33): error TS1136: Property assignment expected.
src/infinite-continuum/fabric-expansion.ts(83,3): error TS1128: Declaration or statement expected.
src/infinite-continuum/fabric-expansion.ts(88,3): error TS1128: Declaration or statement expected.
src/infinite-continuum/fabric-expansion.ts(88,30): error TS1005: ';' expected.
src/infinite-continuum/fabric-expansion.ts(89,11): error TS1005: ':' expected.
src/infinite-continuum/fabric-expansion.ts(89,58): error TS1005: ',' expected.
src/infinite-continuum/fabric-expansion.ts(90,11): error TS1005: ':' expected.
src/infinite-continuum/fabric-expansion.ts(90,66): error TS1005: ',' expected.
src/infinite-continuum/fabric-expansion.ts(100,3): error TS1128: Declaration or statement expected.
src/infinite-continuum/fabric-expansion.ts(100,39): error TS1005: ';' expected.
src/infinite-continuum/fabric-expansion.ts(129,3): error TS1128: Declaration or statement expected.
src/infinite-continuum/fabric-expansion.ts(129,45): error TS1005: ',' expected.
src/infinite-continuum/fabric-expansion.ts(129,51): error TS1005: ';' expected.
src/infinite-continuum/fabric-expansion.ts(129,53): error TS1434: Unexpected keyword or identifier.
src/infinite-continuum/fabric-expansion.ts(154,3): error TS1128: Declaration or statement expected.
src/infinite-continuum/fabric-expansion.ts(154,29): error TS1005: ';' expected.
src/infinite-continuum/fabric-expansion.ts(154,31): error TS1434: Unexpected keyword or identifier.
src/infinite-continuum/fabric-expansion.ts(176,3): error TS1128: Declaration or statement expected.
src/infinite-continuum/fabric-expansion.ts(176,37): error TS1005: ';' expected.
src/infinite-continuum/fabric-expansion.ts(176,39): error TS1434: Unexpected keyword or identifier.
src/infinite-continuum/fabric-expansion.ts(187,3): error TS1128: Declaration or statement expected.
src/infinite-continuum/fabric-expansion.ts(187,46): error TS1005: ',' expected.
src/infinite-continuum/fabric-expansion.ts(187,52): error TS1005: ';' expected.
src/infinite-continuum/fabric-expansion.ts(188,11): error TS1005: ':' expected.
src/infinite-continuum/fabric-expansion.ts(188,60): error TS1005: ',' expected.
src/infinite-continuum/fabric-expansion.ts(189,9): error TS1005: ',' expected.
src/infinite-continuum/fabric-expansion.ts(189,23): error TS1005: ',' expected.
src/infinite-continuum/fabric-expansion.ts(190,9): error TS1005: ',' expected.
src/infinite-continuum/fabric-expansion.ts(190,23): error TS1005: ',' expected.
src/infinite-continuum/fabric-expansion.ts(193,7): error TS1128: Declaration or statement expected.
src/infinite-continuum/fabric-expansion.ts(193,12): error TS1005: ':' expected.
src/infinite-continuum/fabric-expansion.ts(193,25): error TS1005: ',' expected.
src/infinite-continuum/fabric-expansion.ts(197,10): error TS1005: ',' expected.
src/infinite-continuum/fabric-expansion.ts(198,48): error TS1005: ',' expected.
src/infinite-continuum/fabric-expansion.ts(199,14): error TS1005: ':' expected.
src/infinite-continuum/fabric-expansion.ts(201,12): error TS1005: ':' expected.
src/infinite-continuum/fabric-expansion.ts(201,25): error TS1005: ',' expected.
src/infinite-continuum/fabric-expansion.ts(202,15): error TS1005: ':' expected.
src/infinite-continuum/fabric-expansion.ts(202,59): error TS1005: ',' expected.
src/infinite-continuum/fabric-expansion.ts(203,71): error TS1005: ',' expected.
src/infinite-continuum/fabric-expansion.ts(204,50): error TS1005: ',' expected.
src/infinite-continuum/fabric-expansion.ts(205,14): error TS1005: ':' expected.
src/infinite-continuum/fabric-expansion.ts(207,12): error TS1005: ':' expected.
src/infinite-continuum/fabric-expansion.ts(207,22): error TS1005: ',' expected.
src/infinite-continuum/fabric-expansion.ts(208,70): error TS1005: ',' expected.
src/infinite-continuum/fabric-expansion.ts(209,48): error TS1005: ',' expected.
src/infinite-continuum/fabric-expansion.ts(210,14): error TS1005: ':' expected.
src/infinite-continuum/fabric-expansion.ts(225,3): error TS1128: Declaration or statement expected.
src/infinite-continuum/fabric-expansion.ts(230,3): error TS1128: Declaration or statement expected.
src/infinite-continuum/fabric-expansion.ts(230,46): error TS1005: ',' expected.
src/infinite-continuum/fabric-expansion.ts(230,52): error TS1005: ';' expected.
src/infinite-continuum/fabric-expansion.ts(230,54): error TS1434: Unexpected keyword or identifier.
src/infinite-continuum/fabric-expansion.ts(244,3): error TS1128: Declaration or statement expected.
src/infinite-continuum/fabric-expansion.ts(244,28): error TS1005: ',' expected.
src/infinite-continuum/fabric-expansion.ts(244,37): error TS1005: ';' expected.
src/infinite-continuum/fabric-expansion.ts(245,11): error TS1005: ':' expected.
src/infinite-continuum/fabric-expansion.ts(245,96): error TS1005: ',' expected.
src/infinite-continuum/fabric-expansion.ts(246,11): error TS1005: ':' expected.
src/infinite-continuum/fabric-expansion.ts(246,80): error TS1005: ',' expected.
src/infinite-continuum/fabric-expansion.ts(248,14): error TS1005: ',' expected.
src/infinite-continuum/fabric-expansion.ts(248,19): error TS1005: ',' expected.
src/infinite-continuum/fabric-expansion.ts(248,23): error TS1005: ',' expected.
src/infinite-continuum/fabric-expansion.ts(248,30): error TS1005: ',' expected.
src/infinite-continuum/fabric-expansion.ts(248,33): error TS1005: ',' expected.
src/infinite-continuum/fabric-expansion.ts(248,35): error TS1005: ';' expected.
src/infinite-continuum/fabric-expansion.ts(274,3): error TS1128: Declaration or statement expected.
src/infinite-continuum/fabric-expansion.ts(279,3): error TS1128: Declaration or statement expected.
src/infinite-continuum/fabric-expansion.ts(279,41): error TS1005: ',' expected.
src/infinite-continuum/fabric-expansion.ts(279,55): error TS1005: ';' expected.
src/infinite-continuum/fabric-expansion.ts(279,57): error TS1434: Unexpected keyword or identifier.
src/infinite-continuum/fabric-expansion.ts(296,3): error TS1128: Declaration or statement expected.
src/infinite-continuum/fabric-expansion.ts(296,32): error TS1005: ',' expected.
src/infinite-continuum/fabric-expansion.ts(296,41): error TS1005: ';' expected.
src/infinite-continuum/fabric-expansion.ts(296,43): error TS1434: Unexpected keyword or identifier.
src/infinite-continuum/fabric-expansion.ts(349,3): error TS1128: Declaration or statement expected.
src/infinite-continuum/fabric-expansion.ts(349,28): error TS1005: ',' expected.
src/infinite-continuum/fabric-expansion.ts(349,37): error TS1005: ';' expected.
src/infinite-continuum/fabric-expansion.ts(350,11): error TS1005: ':' expected.
src/infinite-continuum/fabric-expansion.ts(350,88): error TS1005: ',' expected.
src/infinite-continuum/fabric-expansion.ts(351,11): error TS1005: ':' expected.
src/infinite-continuum/fabric-expansion.ts(351,96): error TS1005: ',' expected.
src/infinite-continuum/fabric-expansion.ts(352,11): error TS1005: ':' expected.
src/infinite-continuum/fabric-expansion.ts(354,6): error TS1005: ',' expected.
src/infinite-continuum/fabric-expansion.ts(356,9): error TS1005: ',' expected.
