src/infinite-continuum-server.ts(173,7): error TS2578: Unused '@ts-expect-error' directive.
src/infinite-continuum-server.ts(195,70): error TS2345: Argument of type 'string | ParsedQs | (string | ParsedQs)[]' is not assignable to parameter of type 'string'.
