
> gl-runtime-platform@17.0.0 build
> tsc

omni-context/context-aware-strategy/index.ts(215,79): error TS18048: 'filter.minSuccessRate' is possibly 'undefined'.
omni-context/context-fusion/index.ts(187,53): error TS18048: 'query.minConfidence' is possibly 'undefined'.
omni-context/context-fusion/index.ts(191,52): error TS18048: 'query.minCoherence' is possibly 'undefined'.
omni-context/global-consistency-fabric/index.ts(253,42): error TS2339: Property 'context' does not exist on type 'ConsistencySnapshot'.
omni-context/global-consistency-fabric/index.ts(362,29): error TS7053: Element implicitly has an 'any' type because expression of type 'string' can't be used to index type '{ semantic?: any; reasoning?: any; strategy?: any; evolution?: any; civilization?: any; }'.
  No index signature with a parameter of type 'string' was found on type '{ semantic?: any; reasoning?: any; strategy?: any; evolution?: any; civilization?: any; }'.
omni-context/global-consistency-fabric/index.ts(363,29): error TS7053: Element implicitly has an 'any' type because expression of type 'string' can't be used to index type '{ semantic?: any; reasoning?: any; strategy?: any; evolution?: any; civilization?: any; }'.
  No index signature with a parameter of type 'string' was found on type '{ semantic?: any; reasoning?: any; strategy?: any; evolution?: any; civilization?: any; }'.
omni-context/global-consistency-fabric/index.ts(517,39): error TS2345: Argument of type 'ConsistencySnapshot | null | undefined' is not assignable to parameter of type 'ConsistencySnapshot | null'.
  Type 'undefined' is not assignable to type 'ConsistencySnapshot | null'.
omni-context/knowledge-alignment/index.ts(657,53): error TS2367: This comparison appears to be unintentional because the types '"low" | "medium" | "high"' and '"critical"' have no overlap.
omni-context/multi-scale-reasoning/index.ts(259,53): error TS18048: 'filter.minConfidence' is possibly 'undefined'.
omni-context/multi-scale-reasoning/index.ts(520,11): error TS2322: Type 'string[]' is not assignable to type 'ScaleLevel[]'.
  Type 'string' is not assignable to type 'ScaleLevel'.
omni-context/temporal-coherence/index.ts(325,7): error TS2353: Object literal may only specify known properties, and 'versionDrift' does not exist in type 'StabilityMetrics'.
src/connectors/git-connector.ts(6,38): error TS2307: Cannot find module 'simple-git' or its corresponding type declarations.
src/utils/logger.ts(6,21): error TS2307: Cannot find module 'winston' or its corresponding type declarations.
src/utils/logger.ts(20,30): error TS7031: Binding element 'timestamp' implicitly has an 'any' type.
src/utils/logger.ts(20,41): error TS7031: Binding element 'level' implicitly has an 'any' type.
src/utils/logger.ts(20,48): error TS7031: Binding element 'message' implicitly has an 'any' type.
src/utils/logger.ts(20,66): error TS7031: Binding element 'ctx' implicitly has an 'any' type.
